<?xml version="1.0" encoding="UTF-8"?>
<!-- Generated by org.testng.reporters.JUnitReportReporter -->
<testsuite skipped="0" hostname="DESKTOP-2F3S0DP" name="test.LoginTest" tests="1" failures="0" timestamp="2022-07-10T16:08:58 CDT" time="4.505" errors="0">
  <testcase name="validUserShouldBeAbleLogin" time="4.505" classname="test.LoginTest"/>
  <system-out/>
</testsuite> <!-- test.LoginTest -->
