<?xml version="1.0" encoding="UTF-8"?>
<!-- Generated by org.testng.reporters.JUnitReportReporter -->
<testsuite hostname="DESKTOP-2F3S0DP" failures="0" tests="1" name="test.LoginTest" time="2.166" errors="0" timestamp="26 Jun 2022 17:54:39 GMT" skipped="0">
  <testcase classname="test.LoginTest" name="validUserShouldBeAbleLogin" time="2.166"/>
</testsuite> <!-- test.LoginTest -->
